* This is the StructMobWeight report file that is output every time the server starts.
* 
* Spawn Balance Utility (SBU) will use this file ONLY if it is renamed to StructMobWeight.csv.
* Lines starting with '*' are comments and ignored
* It allows you to add and remove mobs and adjust their spawnweights for Structures
* like shipwrecks, nether fortresses, water monuments, etc.
* 
1, adorabuild_structures:acacia_house_medium_1, HEADING, header:ignore, 0, 0, 0
2, adorabuild_structures:acacia_house_medium_2, HEADING, header:ignore, 0, 0, 0
3, adorabuild_structures:acacia_house_medium_3, HEADING, header:ignore, 0, 0, 0
4, adorabuild_structures:acacia_house_small_1, HEADING, header:ignore, 0, 0, 0
5, adorabuild_structures:acacia_house_small_2, HEADING, header:ignore, 0, 0, 0
6, adorabuild_structures:acacia_well_1, HEADING, header:ignore, 0, 0, 0
7, minecraft:ancient_city, HEADING, header:ignore, 0, 0, 0
8, cataclysm:ancient_factory, HEADING, header:ignore, 0, 0, 0
9, adorabuild_structures:ancient_palace_1, HEADING, header:ignore, 0, 0, 0
10, adorabuild_structures:ancient_palace_2, HEADING, header:ignore, 0, 0, 0
11, ati_structures:ancient_temple, HEADING, header:ignore, 0, 0, 0
12, ati_structures:ancient_temple, MONSTER, minecraft:slime, 10, 1, 2
13, spawn:ant_mount, HEADING, header:ignore, 0, 0, 0
14, antiquetradingship:antique_trading_ship, HEADING, header:ignore, 0, 0, 0
15, adorabuild_structures:bamboo_campfire_1, HEADING, header:ignore, 0, 0, 0
16, adorabuild_structures:bamboo_house_small_1, HEADING, header:ignore, 0, 0, 0
17, adorabuild_structures:bamboo_raft_1, HEADING, header:ignore, 0, 0, 0
18, adorabuild_structures:basalt_chambers_large_1, HEADING, header:ignore, 0, 0, 0
19, minecraft:bastion_remnant, HEADING, header:ignore, 0, 0, 0
20, adorabuild_structures:birch_beehive_1, HEADING, header:ignore, 0, 0, 0
21, adorabuild_structures:birch_house_medium_1, HEADING, header:ignore, 0, 0, 0
22, adorabuild_structures:birch_house_medium_2, HEADING, header:ignore, 0, 0, 0
23, adorabuild_structures:birch_house_small_1, HEADING, header:ignore, 0, 0, 0
24, adorabuild_structures:birch_house_small_2, HEADING, header:ignore, 0, 0, 0
25, adorabuild_structures:birch_tree_1, HEADING, header:ignore, 0, 0, 0
26, adorabuild_structures:blackstone_bastion_medium_1, HEADING, header:ignore, 0, 0, 0
27, adorabuild_structures:blackstone_bastion_medium_2, HEADING, header:ignore, 0, 0, 0
28, adorabuild_structures:blackstone_bastion_small_1, HEADING, header:ignore, 0, 0, 0
29, adorabuild_structures:blackstone_temple_small_1, HEADING, header:ignore, 0, 0, 0
30, awesomedungeonocean:brigantine, HEADING, header:ignore, 0, 0, 0
31, minecraft:buried_treasure, HEADING, header:ignore, 0, 0, 0
32, cataclysm:burning_arena, HEADING, header:ignore, 0, 0, 0
33, dungeons_enhanced:castle, HEADING, header:ignore, 0, 0, 0
34, adorabuild_structures:cherry_house_medium_1, HEADING, header:ignore, 0, 0, 0
35, adorabuild_structures:cherry_house_medium_2, HEADING, header:ignore, 0, 0, 0
36, adorabuild_structures:cherry_raft_1, HEADING, header:ignore, 0, 0, 0
37, adorabuild_structures:cherry_tree_1, HEADING, header:ignore, 0, 0, 0
38, dungeons_arise_seven_seas:corsair_corvette, HEADING, header:ignore, 0, 0, 0
39, adorabuild_structures:crimson_house_medium_1, HEADING, header:ignore, 0, 0, 0
40, adorabuild_structures:crimson_house_medium_2, HEADING, header:ignore, 0, 0, 0
41, cataclysm:cursed_pyramid, HEADING, header:ignore, 0, 0, 0
42, adorabuild_structures:dark_oak_house_large_1, HEADING, header:ignore, 0, 0, 0
43, adorabuild_structures:dark_oak_house_small_1, HEADING, header:ignore, 0, 0, 0
44, adorabuild_structures:dark_oak_ship_1, HEADING, header:ignore, 0, 0, 0
45, ati_structures:dark_tower, HEADING, header:ignore, 0, 0, 0
46, dungeons_enhanced:deep_crypt, HEADING, header:ignore, 0, 0, 0
47, ati_structures:deepslate_keep, HEADING, header:ignore, 0, 0, 0
48, ati_structures:desert_outpost, HEADING, header:ignore, 0, 0, 0
49, minecraft:desert_pyramid, HEADING, header:ignore, 0, 0, 0
50, dungeons_enhanced:desert_temple, HEADING, header:ignore, 0, 0, 0
51, dungeons_enhanced:desert_tomb, HEADING, header:ignore, 0, 0, 0
52, ati_structures:dojo, HEADING, header:ignore, 0, 0, 0
53, dungeons_enhanced:druid_circle, HEADING, header:ignore, 0, 0, 0
54, dungeons_enhanced:dungeon_variant, HEADING, header:ignore, 0, 0, 0
55, dungeons_enhanced:elders_temple, HEADING, header:ignore, 0, 0, 0
56, dungeons_enhanced:elders_temple, MONSTER, minecraft:guardian, 10, 2, 4
57, adorabuild_structures:end_bubble_large_1, HEADING, header:ignore, 0, 0, 0
58, adorabuild_structures:end_bubble_medium_1, HEADING, header:ignore, 0, 0, 0
59, adorabuild_structures:end_bubble_medium_2, HEADING, header:ignore, 0, 0, 0
60, minecraft:end_city, HEADING, header:ignore, 0, 0, 0
61, minecraft:end_city, MONSTER, alexsmobs:mimicube, 40, 1, 3
62, adorabuild_structures:end_gateway_large_1, HEADING, header:ignore, 0, 0, 0
63, adorabuild_structures:end_gateway_small_1, HEADING, header:ignore, 0, 0, 0
64, adorabuild_structures:end_house_medium_1, HEADING, header:ignore, 0, 0, 0
65, adorabuild_structures:end_house_medium_2, HEADING, header:ignore, 0, 0, 0
66, adorabuild_structures:end_house_medium_3, HEADING, header:ignore, 0, 0, 0
67, adorabuild_structures:end_house_small_1, HEADING, header:ignore, 0, 0, 0
68, adorabuild_structures:end_house_small_2, HEADING, header:ignore, 0, 0, 0
69, dungeons_plus:end_ruins, HEADING, header:ignore, 0, 0, 0
70, adorabuild_structures:end_ship_small_1, HEADING, header:ignore, 0, 0, 0
71, adorabuild_structures:end_temple_large_1, HEADING, header:ignore, 0, 0, 0
72, adorabuild_structures:end_temple_small_1, HEADING, header:ignore, 0, 0, 0
73, dungeons_enhanced:fishing_ship, HEADING, header:ignore, 0, 0, 0
74, dungeons_enhanced:flying_dutchman, HEADING, header:ignore, 0, 0, 0
75, ati_structures:fortified_temple, HEADING, header:ignore, 0, 0, 0
76, minecraft:fortress, HEADING, header:ignore, 0, 0, 0
77, minecraft:fortress, MONSTER, minecraft:blaze, 10, 2, 3
78, minecraft:fortress, MONSTER, minecraft:zombified_piglin, 10, 4, 4
79, minecraft:fortress, MONSTER, minecraft:wither_skeleton, 10, 5, 5
80, minecraft:fortress, MONSTER, minecraft:skeleton, 10, 5, 5
81, minecraft:fortress, MONSTER, minecraft:magma_cube, 10, 4, 4
82, minecraft:fortress, MONSTER, cataclysm:ignited_berserker, 10, 1, 1
83, awesomedungeonocean:frigate_large, HEADING, header:ignore, 0, 0, 0
84, awesomedungeonocean:frigate_medium, HEADING, header:ignore, 0, 0, 0
85, cataclysm:frosted_prison, HEADING, header:ignore, 0, 0, 0
86, adorabuild_structures:frozen_house_medium_1, HEADING, header:ignore, 0, 0, 0
87, adorabuild_structures:frozen_hut_1, HEADING, header:ignore, 0, 0, 0
88, adorabuild_structures:frozen_hut_2, HEADING, header:ignore, 0, 0, 0
89, ati_structures:gnome_hut, HEADING, header:ignore, 0, 0, 0
90, ati_structures:granite_fort, HEADING, header:ignore, 0, 0, 0
91, ati_structures:haunted_ruin, HEADING, header:ignore, 0, 0, 0
92, dungeons_enhanced:hay_storage, HEADING, header:ignore, 0, 0, 0
93, ati_structures:herobrine_stronghold, HEADING, header:ignore, 0, 0, 0
94, dungeons_enhanced:ice_pit, HEADING, header:ignore, 0, 0, 0
95, ati_structures:ice_tribe, HEADING, header:ignore, 0, 0, 0
96, ati_structures:ice_tribe, MONSTER, minecraft:pig, 10, 1, 2
97, minecraft:igloo, HEADING, header:ignore, 0, 0, 0
98, adorabuild_structures:jungle_boat_1, HEADING, header:ignore, 0, 0, 0
99, adorabuild_structures:jungle_house_small_1, HEADING, header:ignore, 0, 0, 0
100, dungeons_enhanced:jungle_monument, HEADING, header:ignore, 0, 0, 0
101, minecraft:jungle_pyramid, HEADING, header:ignore, 0, 0, 0
102, ati_structures:jungle_settlement, HEADING, header:ignore, 0, 0, 0
103, adorabuild_structures:jungle_tree_house_1, HEADING, header:ignore, 0, 0, 0
104, dungeons_enhanced:large_dungeon, HEADING, header:ignore, 0, 0, 0
105, dungeons_plus:leviathan, HEADING, header:ignore, 0, 0, 0
106, dungeons_plus:leviathan, MONSTER, minecraft:husk, 10, 1, 4
107, adorabuild_structures:library_large_1, HEADING, header:ignore, 0, 0, 0
108, adorabuild_structures:library_small_1, HEADING, header:ignore, 0, 0, 0
109, ati_structures:lighthouse, HEADING, header:ignore, 0, 0, 0
110, oceanvillagertrader:lighthouse, HEADING, header:ignore, 0, 0, 0
111, adorabuild_structures:mangrove_house_small_1, HEADING, header:ignore, 0, 0, 0
112, adorabuild_structures:mangrove_tree_house_1, HEADING, header:ignore, 0, 0, 0
113, adorabuild_structures:mangrove_tree_house_2, HEADING, header:ignore, 0, 0, 0
114, ati_structures:manor, HEADING, header:ignore, 0, 0, 0
115, ati_structures:manor, MONSTER, minecraft:pillager, 10, 1, 1
116, minecraft:mansion, HEADING, header:ignore, 0, 0, 0
117, ati_structures:marble_chateau, HEADING, header:ignore, 0, 0, 0
118, taxov:marine_ship, HEADING, header:ignore, 0, 0, 0
119, dungeons_enhanced:miners_house, HEADING, header:ignore, 0, 0, 0
120, minecraft:mineshaft, HEADING, header:ignore, 0, 0, 0
121, minecraft:mineshaft, AMBIENT, alexsmobs:underminer, 50, 1, 1
122, minecraft:mineshaft, WATER_AMBIENT, fishofthieves:ancientscale, 12, 4, 8
123, minecraft:mineshaft, WATER_AMBIENT, fishofthieves:plentifin, 12, 4, 8
124, minecraft:mineshaft_mesa, HEADING, header:ignore, 0, 0, 0
125, minecraft:mineshaft_mesa, AMBIENT, alexsmobs:underminer, 50, 1, 1
126, minecraft:mineshaft_mesa, WATER_AMBIENT, fishofthieves:ancientscale, 12, 4, 8
127, minecraft:mineshaft_mesa, WATER_AMBIENT, fishofthieves:plentifin, 12, 4, 8
128, ati_structures:monastery_tower, HEADING, header:ignore, 0, 0, 0
129, dungeons_enhanced:monster_maze, HEADING, header:ignore, 0, 0, 0
130, minecraft:monument, HEADING, header:ignore, 0, 0, 0
131, minecraft:monument, MONSTER, minecraft:guardian, 10, 2, 4
132, minecraft:monument, WATER_AMBIENT, fishofthieves:battlegill, 10, 2, 4
133, ati_structures:mosque, HEADING, header:ignore, 0, 0, 0
134, adorabuild_structures:mountain_mine_1, HEADING, header:ignore, 0, 0, 0
135, adorabuild_structures:mountain_mine_2, HEADING, header:ignore, 0, 0, 0
136, dungeons_enhanced:mushroom_house, HEADING, header:ignore, 0, 0, 0
137, adorabuild_structures:mushroom_large_1, HEADING, header:ignore, 0, 0, 0
138, adorabuild_structures:nether_fortress_large_1, HEADING, header:ignore, 0, 0, 0
139, adorabuild_structures:nether_fortress_large_1, MONSTER, minecraft:blaze, 10, 2, 3
140, adorabuild_structures:nether_fortress_large_1, MONSTER, minecraft:zombified_piglin, 10, 4, 4
141, adorabuild_structures:nether_fortress_large_1, MONSTER, minecraft:wither_skeleton, 10, 5, 5
142, adorabuild_structures:nether_fortress_large_1, MONSTER, minecraft:skeleton, 10, 5, 5
143, adorabuild_structures:nether_fortress_large_1, MONSTER, minecraft:magma_cube, 10, 4, 4
144, adorabuild_structures:nether_fortress_large_2, HEADING, header:ignore, 0, 0, 0
145, adorabuild_structures:nether_fortress_large_2, MONSTER, minecraft:blaze, 10, 2, 3
146, adorabuild_structures:nether_fortress_large_2, MONSTER, minecraft:zombified_piglin, 10, 4, 4
147, adorabuild_structures:nether_fortress_large_2, MONSTER, minecraft:wither_skeleton, 10, 5, 5
148, adorabuild_structures:nether_fortress_large_2, MONSTER, minecraft:skeleton, 10, 5, 5
149, adorabuild_structures:nether_fortress_large_2, MONSTER, minecraft:magma_cube, 10, 4, 4
150, adorabuild_structures:nether_fortress_medium_1, HEADING, header:ignore, 0, 0, 0
151, adorabuild_structures:nether_fortress_medium_1, MONSTER, minecraft:blaze, 10, 2, 3
152, adorabuild_structures:nether_fortress_medium_1, MONSTER, minecraft:zombified_piglin, 10, 4, 4
153, adorabuild_structures:nether_fortress_medium_1, MONSTER, minecraft:wither_skeleton, 10, 5, 5
154, adorabuild_structures:nether_fortress_medium_1, MONSTER, minecraft:skeleton, 10, 5, 5
155, adorabuild_structures:nether_fortress_medium_1, MONSTER, minecraft:magma_cube, 10, 4, 4
156, minecraft:nether_fossil, HEADING, header:ignore, 0, 0, 0
157, minecraft:nether_fossil, MONSTER, alexsmobs:soul_vulture, 30, 1, 1
158, adorabuild_structures:nether_fossil_1, HEADING, header:ignore, 0, 0, 0
159, adorabuild_structures:nether_fossil_1, MONSTER, minecraft:zombified_piglin, 10, 4, 4
160, adorabuild_structures:nether_fossil_1, MONSTER, minecraft:wither_skeleton, 10, 5, 5
161, adorabuild_structures:nether_fossil_1, MONSTER, minecraft:skeleton, 10, 5, 5
162, adorabuild_structures:nether_portal_small_1, HEADING, header:ignore, 0, 0, 0
163, adorabuild_structures:nether_temple_medium_1, HEADING, header:ignore, 0, 0, 0
164, adorabuild_structures:nether_temple_medium_1, MONSTER, minecraft:blaze, 10, 2, 3
165, adorabuild_structures:nether_temple_medium_1, MONSTER, minecraft:zombified_piglin, 10, 4, 4
166, adorabuild_structures:nether_temple_medium_1, MONSTER, minecraft:wither_skeleton, 10, 5, 5
167, adorabuild_structures:nether_temple_medium_1, MONSTER, minecraft:skeleton, 10, 5, 5
168, adorabuild_structures:nether_temple_medium_1, MONSTER, minecraft:magma_cube, 10, 4, 4
169, ati_structures:nomadic_camp, HEADING, header:ignore, 0, 0, 0
170, ati_structures:nomadic_camp, MONSTER, minecraft:pillager, 10, 1, 1
171, adorabuild_structures:oak_house_large_1, HEADING, header:ignore, 0, 0, 0
172, adorabuild_structures:oak_house_medium_1, HEADING, header:ignore, 0, 0, 0
173, adorabuild_structures:oak_house_medium_2, HEADING, header:ignore, 0, 0, 0
174, adorabuild_structures:oak_house_small_1, HEADING, header:ignore, 0, 0, 0
175, adorabuild_structures:oak_house_small_2, HEADING, header:ignore, 0, 0, 0
176, adorabuild_structures:oak_house_small_3, HEADING, header:ignore, 0, 0, 0
177, adorabuild_structures:oak_hut_1, HEADING, header:ignore, 0, 0, 0
178, adorabuild_structures:oak_ship_1, HEADING, header:ignore, 0, 0, 0
179, adorabuild_structures:oak_tree_1, HEADING, header:ignore, 0, 0, 0
180, adorabuild_structures:ocean_bubble_1, HEADING, header:ignore, 0, 0, 0
181, awesomedungeonocean:ocean_cage, HEADING, header:ignore, 0, 0, 0
182, betteroceanmonuments:ocean_monument, HEADING, header:ignore, 0, 0, 0
183, betteroceanmonuments:ocean_monument, MONSTER, minecraft:guardian, 10, 2, 4
184, awesomedungeonocean:ocean_quad, HEADING, header:ignore, 0, 0, 0
185, minecraft:ocean_ruin_cold, HEADING, header:ignore, 0, 0, 0
186, minecraft:ocean_ruin_cold, WATER_AMBIENT, fishofthieves:ancientscale, 12, 4, 8
187, awesomedungeonocean:ocean_ruin_pillager, HEADING, header:ignore, 0, 0, 0
188, awesomedungeonocean:ocean_ruin_vanilla_temple, HEADING, header:ignore, 0, 0, 0
189, minecraft:ocean_ruin_warm, HEADING, header:ignore, 0, 0, 0
190, minecraft:ocean_ruin_warm, WATER_AMBIENT, fishofthieves:ancientscale, 12, 4, 8
191, adorabuild_structures:ocean_temple_medium_1, HEADING, header:ignore, 0, 0, 0
192, adorabuild_structures:ocean_temple_medium_1, MONSTER, minecraft:guardian, 10, 1, 1
193, adorabuild_structures:ocean_temple_medium_2, HEADING, header:ignore, 0, 0, 0
194, adorabuild_structures:ocean_temple_medium_2, MONSTER, minecraft:guardian, 10, 1, 1
195, awesomedungeonocean:ocean_temple_quad, HEADING, header:ignore, 0, 0, 0
196, adorabuild_structures:ocean_temple_small_1, HEADING, header:ignore, 0, 0, 0
197, adorabuild_structures:ocean_temple_small_1, MONSTER, minecraft:drowned, 10, 1, 2
198, adorabuild_structures:ocean_temple_small_2, HEADING, header:ignore, 0, 0, 0
199, adorabuild_structures:ocean_temple_small_2, MONSTER, minecraft:drowned, 10, 1, 2
200, awesomedungeonocean:ocean_the_column_temple, HEADING, header:ignore, 0, 0, 0
201, awesomedungeonocean:ocean_warn_temple, HEADING, header:ignore, 0, 0, 0
202, ati_structures:old_fort, HEADING, header:ignore, 0, 0, 0
203, ati_structures:old_home, HEADING, header:ignore, 0, 0, 0
204, dungeons_enhanced:pillager_camp, HEADING, header:ignore, 0, 0, 0
205, dungeons_enhanced:pillager_camp, MONSTER, minecraft:pillager, 10, 2, 3
206, dungeons_enhanced:pillager_camp, MONSTER, minecraft:vindicator, 10, 1, 2
207, minecraft:pillager_outpost, HEADING, header:ignore, 0, 0, 0
208, minecraft:pillager_outpost, MONSTER, minecraft:pillager, 10, 1, 1
209, minecraft:pillager_outpost, WATER_AMBIENT, fishofthieves:battlegill, 10, 2, 4
210, dungeons_arise_seven_seas:pirate_junk, HEADING, header:ignore, 0, 0, 0
211, dungeons_enhanced:pirate_ship, HEADING, header:ignore, 0, 0, 0
212, dungeons_enhanced:pirate_ship, MONSTER, minecraft:pillager, 10, 3, 4
213, dungeons_enhanced:pirate_ship, MONSTER, minecraft:vindicator, 10, 1, 2
214, taxov:pirate_ship, HEADING, header:ignore, 0, 0, 0
215, adorabuild_structures:prison_large_1, HEADING, header:ignore, 0, 0, 0
216, adorabuild_structures:prison_small_1, HEADING, header:ignore, 0, 0, 0
217, ati_structures:quarry, HEADING, header:ignore, 0, 0, 0
218, dungeons_plus:reanimated_ruins_frozen, HEADING, header:ignore, 0, 0, 0
219, dungeons_plus:reanimated_ruins_mesa, HEADING, header:ignore, 0, 0, 0
220, dungeons_plus:reanimated_ruins_mossy, HEADING, header:ignore, 0, 0, 0
221, adorabuild_structures:red_sand_house_medium_1, HEADING, header:ignore, 0, 0, 0
222, adorabuild_structures:red_sand_house_small_1, HEADING, header:ignore, 0, 0, 0
223, adorabuild_structures:red_sand_temple_medium_1, HEADING, header:ignore, 0, 0, 0
224, adorabuild_structures:red_sand_temple_small_1, HEADING, header:ignore, 0, 0, 0
225, ati_structures:rotten_log, HEADING, header:ignore, 0, 0, 0
226, ati_structures:rotting_temple, HEADING, header:ignore, 0, 0, 0
227, ati_structures:rotting_temple, MONSTER, minecraft:zombie, 10, 1, 3
228, ati_structures:rotting_temple_underground, HEADING, header:ignore, 0, 0, 0
229, ati_structures:rotting_temple_underground, MONSTER, minecraft:zombie, 10, 1, 3
230, dungeons_enhanced:ruined_building, HEADING, header:ignore, 0, 0, 0
231, ati_structures:ruined_castle, HEADING, header:ignore, 0, 0, 0
232, cataclysm:ruined_citadel, HEADING, header:ignore, 0, 0, 0
233, cataclysm:ruined_citadel, MONSTER, cataclysm:endermaptera, 10, 1, 1
234, minecraft:ruined_portal, HEADING, header:ignore, 0, 0, 0
235, minecraft:ruined_portal_desert, HEADING, header:ignore, 0, 0, 0
236, minecraft:ruined_portal_jungle, HEADING, header:ignore, 0, 0, 0
237, minecraft:ruined_portal_mountain, HEADING, header:ignore, 0, 0, 0
238, minecraft:ruined_portal_nether, HEADING, header:ignore, 0, 0, 0
239, minecraft:ruined_portal_ocean, HEADING, header:ignore, 0, 0, 0
240, minecraft:ruined_portal_ocean, WATER_AMBIENT, fishofthieves:wrecker, 50, 4, 8
241, minecraft:ruined_portal_swamp, HEADING, header:ignore, 0, 0, 0
242, adorabuild_structures:sand_castle_small_1, HEADING, header:ignore, 0, 0, 0
243, adorabuild_structures:sand_castle_tiny_1, HEADING, header:ignore, 0, 0, 0
244, adorabuild_structures:sand_house_medium_1, HEADING, header:ignore, 0, 0, 0
245, adorabuild_structures:sand_house_medium_2, HEADING, header:ignore, 0, 0, 0
246, adorabuild_structures:sand_house_small_1, HEADING, header:ignore, 0, 0, 0
247, adorabuild_structures:sand_house_small_2, HEADING, header:ignore, 0, 0, 0
248, adorabuild_structures:sand_pyramid_1, HEADING, header:ignore, 0, 0, 0
249, adorabuild_structures:sand_underground_castle_1, HEADING, header:ignore, 0, 0, 0
250, ati_structures:sculk_deposit, HEADING, header:ignore, 0, 0, 0
251, fishofthieves:seapost, HEADING, header:ignore, 0, 0, 0
252, minecraft:shipwreck, HEADING, header:ignore, 0, 0, 0
253, minecraft:shipwreck, MONSTER, alexsmobs:skelewag, 15, 1, 2
254, minecraft:shipwreck, WATER_AMBIENT, fishofthieves:wrecker, 50, 4, 8
255, minecraft:shipwreck_beached, HEADING, header:ignore, 0, 0, 0
256, ati_structures:silverfish_nest, HEADING, header:ignore, 0, 0, 0
257, ati_structures:sinking_temple, HEADING, header:ignore, 0, 0, 0
258, ati_structures:sinking_temple, MONSTER, minecraft:drowned, 10, 1, 2
259, ati_structures:small_keep, HEADING, header:ignore, 0, 0, 0
260, dungeons_arise_seven_seas:small_yacht, HEADING, header:ignore, 0, 0, 0
261, dungeons_plus:snowy_temple, HEADING, header:ignore, 0, 0, 0
262, dungeons_plus:snowy_temple, MONSTER, minecraft:stray, 10, 1, 4
263, cataclysm:soul_black_smith, HEADING, header:ignore, 0, 0, 0
264, dungeons_plus:soul_prison, HEADING, header:ignore, 0, 0, 0
265, dungeons_plus:soul_prison, MONSTER, minecraft:skeleton, 10, 1, 4
266, dungeons_plus:soul_prison, MONSTER, minecraft:ghast, 10, 1, 2
267, ati_structures:spider_nest, HEADING, header:ignore, 0, 0, 0
268, ati_structures:spider_nest, MONSTER, minecraft:spider, 10, 1, 3
269, ati_structures:spider_nest, MONSTER, minecraft:cave_spider, 10, 1, 2
270, adorabuild_structures:spruce_house_large_1, HEADING, header:ignore, 0, 0, 0
271, adorabuild_structures:spruce_house_medium_1, HEADING, header:ignore, 0, 0, 0
272, adorabuild_structures:spruce_house_small_1, HEADING, header:ignore, 0, 0, 0
273, adorabuild_structures:spruce_house_small_2, HEADING, header:ignore, 0, 0, 0
274, adorabuild_structures:spruce_house_small_3, HEADING, header:ignore, 0, 0, 0
275, adorabuild_structures:spruce_ship_1, HEADING, header:ignore, 0, 0, 0
276, dungeons_enhanced:stables, HEADING, header:ignore, 0, 0, 0
277, ati_structures:stray_ruins, HEADING, header:ignore, 0, 0, 0
278, minecraft:stronghold, HEADING, header:ignore, 0, 0, 0
279, minecraft:stronghold, WATER_AMBIENT, fishofthieves:ancientscale, 12, 4, 8
280, minecraft:stronghold, WATER_AMBIENT, fishofthieves:plentifin, 12, 4, 8
281, cataclysm:sunken_city, HEADING, header:ignore, 0, 0, 0
282, dungeons_enhanced:sunken_shrine, HEADING, header:ignore, 0, 0, 0
283, minecraft:swamp_hut, HEADING, header:ignore, 0, 0, 0
284, minecraft:swamp_hut, MONSTER, minecraft:witch, 10, 1, 1
285, minecraft:swamp_hut, CREATURE, minecraft:cat, 10, 1, 1
286, dungeons_enhanced:tall_witch_hut, HEADING, header:ignore, 0, 0, 0
287, ati_structures:tavern, HEADING, header:ignore, 0, 0, 0
288, dungeons_plus:tower, HEADING, header:ignore, 0, 0, 0
289, dungeons_enhanced:tower_of_the_undead, HEADING, header:ignore, 0, 0, 0
290, minecraft:trail_ruins, HEADING, header:ignore, 0, 0, 0
291, dungeons_enhanced:tree_house, HEADING, header:ignore, 0, 0, 0
292, ati_structures:underground_monument, HEADING, header:ignore, 0, 0, 0
293, hopo:underwater/underwater_city, HEADING, header:ignore, 0, 0, 0
294, hopo:underwater/underwater_fossils, HEADING, header:ignore, 0, 0, 0
295, hopo:underwater/underwater_small_ruins, HEADING, header:ignore, 0, 0, 0
296, hopo:underwater/underwater_warm_small_ruins, HEADING, header:ignore, 0, 0, 0
297, ati_structures:underwater_dungeon, HEADING, header:ignore, 0, 0, 0
298, ati_structures:underwater_dungeon, MONSTER, minecraft:drowned, 10, 1, 2
299, ati_structures:underwater_dungeon, MONSTER, minecraft:guardian, 10, 1, 2
300, dungeons_arise_seven_seas:unicorn_galleon, HEADING, header:ignore, 0, 0, 0
301, dungeons_arise_seven_seas:victory_frigate, HEADING, header:ignore, 0, 0, 0
302, minecraft:village_desert, HEADING, header:ignore, 0, 0, 0
303, joshie:village_ocean, HEADING, header:ignore, 0, 0, 0
304, minecraft:village_plains, HEADING, header:ignore, 0, 0, 0
305, minecraft:village_savanna, HEADING, header:ignore, 0, 0, 0
306, minecraft:village_snowy, HEADING, header:ignore, 0, 0, 0
307, minecraft:village_taiga, HEADING, header:ignore, 0, 0, 0
308, ati_structures:villager_inn, HEADING, header:ignore, 0, 0, 0
309, dungeons_plus:warped_garden, HEADING, header:ignore, 0, 0, 0
310, dungeons_plus:warped_garden, MONSTER, minecraft:drowned, 10, 1, 4
311, adorabuild_structures:warped_house_small_1, HEADING, header:ignore, 0, 0, 0
312, adorabuild_structures:warped_house_small_2, HEADING, header:ignore, 0, 0, 0
313, illagerwarship:warship, HEADING, header:ignore, 0, 0, 0
314, dungeons_enhanced:watch_tower, HEADING, header:ignore, 0, 0, 0
315, supplementaries:way_sign, HEADING, header:ignore, 0, 0, 0
316, taxov:witch_ship, HEADING, header:ignore, 0, 0, 0
317, dungeons_enhanced:witch_tower, HEADING, header:ignore, 0, 0, 0
318, ati_structures:woodland_keep, HEADING, header:ignore, 0, 0, 0
319, taxov:zombie_marine_ship, HEADING, header:ignore, 0, 0, 0
320, taxov:zombie_pirate_ship, HEADING, header:ignore, 0, 0, 0
